2019-12-19 15:43:45,285 - pyswarms.single.global_best - INFO - Optimize for 10 iters with {'c1': 0.5, 'c2': 0.3, 'w': 0.9}
2019-12-19 15:43:45,315 - pyswarms.single.global_best - INFO - Optimization finished | best cost: 0.01309819098059371, best pos: [1.05530261 1.10364372]
2019-12-19 15:44:03,211 - pyswarms.single.global_best - INFO - Optimize for 100 iters with {'c1': 0.5, 'c2': 0.3, 'w': 0.9}
2019-12-19 15:44:03,239 - pyswarms.single.global_best - INFO - Optimization finished | best cost: 1.5015879831365805e-06, best pos: [1.00003397 1.00019044]
2019-12-19 15:58:55,157 - pyswarms.single.global_best - INFO - Optimize for 100 iters with {'c1': 0.5, 'c2': 0.3, 'w': 0.9}
2019-12-19 15:58:55,195 - pyswarms.single.global_best - INFO - Optimization finished | best cost: 4.867003499737362e-07, best pos: [0.99935524 0.99873754]
2019-12-19 18:39:03,471 - pyswarms.single.global_best - INFO - Optimize for 100 iters with {'c1': 0.5, 'c2': 0.3, 'w': 0.9}
2019-12-19 18:39:03,505 - pyswarms.single.global_best - INFO - Optimization finished | best cost: 2.429517121550175e-06, best pos: [0.99878073 0.99746584]
2019-12-21 19:19:04,088 - pyswarms.single.global_best - INFO - Optimize for 10 iters with {'c1': 0.3, 'c2': 0.3, 'w': 0.9}
2019-12-21 19:19:04,197 - pyswarms.single.global_best - INFO - Optimization finished | best cost: 0.098768995893751, best pos: [1.26421448 1.6152558 ]
2019-12-21 19:19:55,894 - pyswarms.single.global_best - INFO - Optimize for 10 iters with {'c1': 0.3, 'c2': 0.3, 'w': 0.9}
2019-12-21 19:19:55,909 - pyswarms.single.global_best - INFO - Optimization finished | best cost: 0.5209225370791405, best pos: [0.29550164 0.10300708]
2019-12-21 19:32:53,244 - pyswarms.single.global_best - INFO - Optimize for 10 iters with {'c1': 0.3, 'c2': 0.3, 'w': 0.9}
2019-12-21 19:32:53,257 - pyswarms.single.global_best - INFO - Optimization finished | best cost: 0.022247115071446066, best pos: [0.85199974 0.72405143]
2019-12-21 19:33:04,836 - pyswarms.single.global_best - INFO - Optimize for 10 iters with {'c1': 0.3, 'c2': 0.3, 'w': 0.9}
2019-12-21 19:33:04,850 - pyswarms.single.global_best - INFO - Optimization finished | best cost: 0.2700244830834741, best pos: [0.49251885 0.23140013]
2019-12-21 19:33:37,405 - pyswarms.single.global_best - INFO - Optimize for 10 iters with {'c1': 0.3, 'c2': 0.3, 'w': 0.9}
2019-12-21 19:33:37,419 - pyswarms.single.global_best - INFO - Optimization finished | best cost: 0.10854130744275761, best pos: [0.77320089 0.57394329]
2019-12-21 19:35:08,996 - pyswarms.single.global_best - INFO - Optimize for 10 iters with {'c1': 0.3, 'c2': 0.3, 'w': 0.9}
2019-12-21 19:35:09,010 - pyswarms.single.global_best - INFO - Optimization finished | best cost: 0.04371217324249964, best pos: [1.15403561 1.31766127]
2019-12-21 19:35:43,227 - pyswarms.single.global_best - INFO - Optimize for 10 iters with {'c1': 0.3, 'c2': 0.3, 'w': 0.9}
2019-12-21 19:35:43,241 - pyswarms.single.global_best - INFO - Optimization finished | best cost: 0.041489822042198414, best pos: [0.8907729  0.77628356]
2019-12-21 19:36:45,064 - pyswarms.single.global_best - INFO - Optimize for 50 iters with {'c1': 0.3, 'c2': 0.3, 'w': 0.9}
2019-12-21 19:36:45,099 - pyswarms.single.global_best - INFO - Optimization finished | best cost: 7.443174074756537, best pos: [ 0.55682429  0.33310175  0.13110008  0.03770539  0.02134412  0.01165754
  0.00856856  0.01000615 -0.0058415   0.00564207]
2019-12-21 19:37:26,275 - pyswarms.single.global_best - INFO - Optimize for 50 iters with {'c1': 0.3, 'c2': 0.3, 'w': 0.9}
2019-12-21 19:37:26,309 - pyswarms.single.global_best - INFO - Optimization finished | best cost: 7.375055040964143, best pos: [0.57386313 0.34797563 0.14569942 0.04264795 0.00121691 0.00610104
 0.00790744 0.01855132 0.01234499 0.01190791]
2019-12-21 19:37:43,226 - pyswarms.single.global_best - INFO - Optimize for 50 iters with {'c1': 0.3, 'c2': 0.3, 'w': 0.9}
2019-12-21 19:37:43,261 - pyswarms.single.global_best - INFO - Optimization finished | best cost: 5.594151039779589, best pos: [ 0.8713483   0.75324269  0.57656826  0.35109244  0.14517467  0.01584395
  0.01606618  0.01052177  0.01596433 -0.03759041]
2019-12-21 19:38:07,856 - pyswarms.single.global_best - INFO - Optimize for 50 iters with {'c1': 0.3, 'c2': 0.3, 'w': 0.9}
2019-12-21 19:38:07,890 - pyswarms.single.global_best - INFO - Optimization finished | best cost: 4.789331692003444, best pos: [ 0.92604628  0.86001063  0.74997755  0.56584926  0.35356036  0.1200124
  0.00891165  0.04850468 -0.0129201   0.01437943]
